<?xml version="1.0" encoding="UTF-8"?>
<!-- Generated by org.testng.reporters.JUnitReportReporter -->
<testsuite hostname="IN23GELML0421H7" failures="0" tests="1" name="com.automationpractice.testcases.Test_001" time="11.338" errors="0" timestamp="26 Jun 2022 18:08:27 GMT" skipped="0">
  <testcase classname="com.automationpractice.testcases.Test_001" name="SearchTest" time="11.338"/>
</testsuite> <!-- com.automationpractice.testcases.Test_001 -->
